2025-07-15 11:52:32,187 - __main__ - INFO - 发布管理器初始化完成
2025-07-15 11:52:32,187 - __main__ - INFO - 开始准备发布
2025-07-15 11:52:32,188 - __main__ - INFO - 版本更新: 1.0.0 -> 1.0.1
2025-07-15 11:52:32,188 - __main__ - INFO - 版本更新为: 1.0.1
2025-07-15 11:52:32,188 - __main__ - INFO - 生成项目文档
2025-07-15 11:52:32,190 - __main__ - INFO - 文档生成完成
2025-07-15 11:52:32,190 - __main__ - INFO - 开源许可证已创建
2025-07-15 11:52:32,191 - __main__ - INFO - 贡献指南已创建
2025-07-15 11:52:32,192 - __main__ - INFO - README文件已创建
2025-07-15 11:52:32,192 - __main__ - INFO - 发布说明已生成: RELEASE_NOTES_v1.0.1.md
2025-07-15 11:52:32,193 - __main__ - INFO - 变更日志已生成
2025-07-15 11:52:32,218 - __main__ - INFO - 复制文件: 数学格式修复批量处理工具.py
2025-07-15 11:52:32,219 - __main__ - INFO - 复制文件: 数学格式修复Web界面.py
2025-07-15 11:52:32,220 - __main__ - INFO - 复制文件: 数学格式修复API服务.py
2025-07-15 11:52:32,221 - __main__ - INFO - 复制文件: 数学格式修复命令行工具.py
2025-07-15 11:52:32,222 - __main__ - INFO - 复制文件: 数学格式修复配置管理器.py
2025-07-15 11:52:32,224 - __main__ - INFO - 复制文件: 数学格式修复测试套件.py
2025-07-15 11:52:32,225 - __main__ - INFO - 复制文件: 数学格式修复项目文档生成器.py
2025-07-15 11:52:32,226 - __main__ - INFO - 复制文件: 数学格式修复性能监控工具.py
2025-07-15 11:52:32,227 - __main__ - INFO - 复制文件: 数学格式修复安全审计工具.py
2025-07-15 11:52:32,228 - __main__ - INFO - 复制文件: 数学格式修复自动化部署工具.py
2025-07-15 11:52:32,229 - __main__ - INFO - 复制文件: 数学格式修复监控仪表板.py
2025-07-15 11:52:32,231 - __main__ - INFO - 复制文件: 数学格式修复备份恢复工具.py
2025-07-15 11:52:32,233 - __main__ - INFO - 复制文件: 数学格式修复项目演示脚本.py
2025-07-15 11:52:32,235 - __main__ - INFO - 复制文件: 数学格式修复项目完整规范总结文档.md
2025-07-15 11:52:32,237 - __main__ - INFO - 复制文件: 数学格式修复项目最终总结文档.md
2025-07-15 11:52:32,238 - __main__ - INFO - 复制文件: 数学格式修复项目完整索引文档.md
2025-07-15 11:52:32,239 - __main__ - INFO - 复制文件: 数学格式修复项目使用指南.md
2025-07-15 11:52:32,239 - __main__ - INFO - 复制文件: 数学格式修复项目质量评估报告.md
2025-07-15 11:52:32,240 - __main__ - INFO - 复制文件: 数学格式修复项目最终总结报告.md
2025-07-15 11:52:32,241 - __main__ - INFO - 复制文件: version.json
2025-07-15 11:52:32,242 - __main__ - INFO - 复制文件: README.md
2025-07-15 11:52:32,243 - __main__ - INFO - 复制文件: LICENSE
2025-07-15 11:52:32,244 - __main__ - INFO - 复制文件: CONTRIBUTING.md
2025-07-15 11:52:32,245 - __main__ - INFO - 复制文件: CHANGELOG.md
2025-07-15 11:52:32,539 - __main__ - INFO - ZIP包已创建: release\math-format-fix-1.0.1.zip
2025-07-15 11:52:32,539 - __main__ - INFO - 发布准备完成
